road-runner-quickstart-master/TeamCode/build/intermediates/manifest_merge_blame_file/debug/processDebugMainManifest/manifest-merger-blame-debug-report.txt
1<?xml version="1.0" encoding="utf-8"?>
2<!--
3 Note: the actual manifest file used in your APK merges this file with contributions
4     from the modules on which your app depends (such as FtcRobotController, etc).
5     So it won't ultimately be as empty as it might here appear to be :-)
6-->
7<!-- The package name here determines the package for your R class and your BuildConfig class -->
8<manifest xmlns:android="http://schemas.android.com/apk/res/android"
9    package="com.qualcomm.ftcrobotcontroller"
10    android:versionCode="58"
11    android:versionName="10.2" >
12
13    <uses-sdk
14        android:minSdkVersion="24"
15        android:targetSdkVersion="28" />
16
17    <uses-permission android:name="android.permission.RECEIVE_BOOT_COMPLETED" />
17-->[:FtcRobotController] AndroidManifest.xml:10:5-81
17-->[:FtcRobotController] AndroidManifest.xml:10:22-78
18    <uses-permission
18-->[org.firstinspires.ftc:Blocks:10.2.0] AndroidManifest.xml:9:5-11:35
19        android:name="android.permission.WRITE_EXTERNAL_STORAGE"
19-->[org.firstinspires.ftc:Blocks:10.2.0] AndroidManifest.xml:10:9-65
20        android:required="true" />
20-->[org.firstinspires.ftc:Blocks:10.2.0] AndroidManifest.xml:11:9-32
21    <uses-permission
21-->[org.firstinspires.ftc:Blocks:10.2.0] AndroidManifest.xml:12:5-14:35
22        android:name="android.permission.READ_EXTERNAL_STORAGE"
22-->[org.firstinspires.ftc:Blocks:10.2.0] AndroidManifest.xml:13:9-64
23        android:required="true" />
23-->[org.firstinspires.ftc:Blocks:10.2.0] AndroidManifest.xml:14:9-32
24    <uses-permission
24-->[org.firstinspires.ftc:FtcCommon:10.2.0] AndroidManifest.xml:10:5-76
25        android:name="android.permission.ACCESS_WIFI_STATE"
25-->[org.firstinspires.ftc:FtcCommon:10.2.0] AndroidManifest.xml:10:22-73
26        android:required="true" />
26-->[org.firstinspires.ftc:RobotCore:10.2.0] AndroidManifest.xml:11:9-32
27    <uses-permission
27-->[org.firstinspires.ftc:FtcCommon:10.2.0] AndroidManifest.xml:17:5-19:35
28        android:name="android.permission.WRITE_SETTINGS"
28-->[org.firstinspires.ftc:FtcCommon:10.2.0] AndroidManifest.xml:18:9-57
29        android:required="true" />
29-->[org.firstinspires.ftc:FtcCommon:10.2.0] AndroidManifest.xml:19:9-32
30    <uses-permission android:name="android.permission.BLUETOOTH_ADMIN" />
30-->[org.firstinspires.ftc:Inspection:10.2.0] AndroidManifest.xml:10:5-74
30-->[org.firstinspires.ftc:Inspection:10.2.0] AndroidManifest.xml:10:22-71
31    <uses-permission
31-->[org.firstinspires.ftc:Inspection:10.2.0] AndroidManifest.xml:11:5-76
32        android:name="android.permission.CHANGE_WIFI_STATE"
32-->[org.firstinspires.ftc:Inspection:10.2.0] AndroidManifest.xml:11:22-73
33        android:required="true" />
33-->[org.firstinspires.ftc:RobotCore:10.2.0] AndroidManifest.xml:14:9-32
34    <uses-permission
34-->[org.firstinspires.ftc:Inspection:10.2.0] AndroidManifest.xml:12:5-79
35        android:name="android.permission.CHANGE_NETWORK_STATE"
35-->[org.firstinspires.ftc:Inspection:10.2.0] AndroidManifest.xml:12:22-76
36        android:required="true" />
36-->[org.firstinspires.ftc:RobotCore:10.2.0] AndroidManifest.xml:20:9-32
37    <uses-permission
37-->[org.firstinspires.ftc:Inspection:10.2.0] AndroidManifest.xml:13:5-67
38        android:name="android.permission.INTERNET"
38-->[org.firstinspires.ftc:Inspection:10.2.0] AndroidManifest.xml:13:22-64
39        android:required="true" />
39-->[org.firstinspires.ftc:RobotCore:10.2.0] AndroidManifest.xml:23:9-32
40    <uses-permission
40-->[org.firstinspires.ftc:Inspection:10.2.0] AndroidManifest.xml:14:5-79
41        android:name="android.permission.ACCESS_NETWORK_STATE"
41-->[org.firstinspires.ftc:Inspection:10.2.0] AndroidManifest.xml:14:22-76
42        android:required="true" />
42-->[org.firstinspires.ftc:RobotCore:10.2.0] AndroidManifest.xml:17:9-32
43    <uses-permission android:name="android.permission.BLUETOOTH" /> <!-- see AppUtil.setTimeZone() -->
43-->[org.firstinspires.ftc:Inspection:10.2.0] AndroidManifest.xml:15:5-68
43-->[org.firstinspires.ftc:Inspection:10.2.0] AndroidManifest.xml:15:22-65
44    <uses-permission
44-->[org.firstinspires.ftc:RobotCore:10.2.0] AndroidManifest.xml:40:5-42:35
45        android:name="android.permission.SET_TIME_ZONE"
45-->[org.firstinspires.ftc:RobotCore:10.2.0] AndroidManifest.xml:41:9-56
46        android:required="true" />
46-->[org.firstinspires.ftc:RobotCore:10.2.0] AndroidManifest.xml:42:9-32
47    <!--
48  Note: we suspect that this (android.permission.WAKE_LOCK) is no
49  longer needed, but haven't yet found the time necessary to verify
50  that assertion before removing it
51    -->
52    <uses-permission
52-->[org.firstinspires.ftc:RobotCore:10.2.0] AndroidManifest.xml:49:5-51:35
53        android:name="android.permission.WAKE_LOCK"
53-->[org.firstinspires.ftc:RobotCore:10.2.0] AndroidManifest.xml:50:9-52
54        android:required="true" />
54-->[org.firstinspires.ftc:RobotCore:10.2.0] AndroidManifest.xml:51:9-32
55    <uses-permission android:name="android.permission.CAMERA" />
55-->[org.firstinspires.ftc:RobotCore:10.2.0] AndroidManifest.xml:52:5-65
55-->[org.firstinspires.ftc:RobotCore:10.2.0] AndroidManifest.xml:52:22-62
56    <uses-permission
56-->[org.firstinspires.ftc:RobotCore:10.2.0] AndroidManifest.xml:53:5-55:35
57        android:name="android.permission.ACCESS_COARSE_LOCATION"
57-->[org.firstinspires.ftc:RobotCore:10.2.0] AndroidManifest.xml:54:9-65
58        android:required="true" />
58-->[org.firstinspires.ftc:RobotCore:10.2.0] AndroidManifest.xml:55:9-32
59    <uses-permission
59-->[org.firstinspires.ftc:RobotCore:10.2.0] AndroidManifest.xml:56:5-58:35
60        android:name="android.permission.ACCESS_FINE_LOCATION"
60-->[org.firstinspires.ftc:RobotCore:10.2.0] AndroidManifest.xml:57:9-63
61        android:required="true" />
61-->[org.firstinspires.ftc:RobotCore:10.2.0] AndroidManifest.xml:58:9-32
62    <uses-permission
62-->[org.firstinspires.ftc:RobotCore:10.2.0] AndroidManifest.xml:59:5-61:35
63        android:name="android.permission.READ_PHONE_STATE"
63-->[org.firstinspires.ftc:RobotCore:10.2.0] AndroidManifest.xml:60:9-59
64        android:required="true" />
64-->[org.firstinspires.ftc:RobotCore:10.2.0] AndroidManifest.xml:61:9-32
65    <uses-permission
65-->[org.firstinspires.ftc:RobotCore:10.2.0] AndroidManifest.xml:64:5-66:35
66        android:name="com.revrobotics.permission.UPDATE_CONTROL_HUB"
66-->[org.firstinspires.ftc:RobotCore:10.2.0] AndroidManifest.xml:65:9-69
67        android:required="true" />
67-->[org.firstinspires.ftc:RobotCore:10.2.0] AndroidManifest.xml:66:9-32
68
69    <uses-feature android:name="android.hardware.usb.accessory" />
69-->[org.firstinspires.ftc:RobotCore:10.2.0] AndroidManifest.xml:68:5-67
69-->[org.firstinspires.ftc:RobotCore:10.2.0] AndroidManifest.xml:68:19-64
70    <uses-feature android:glEsVersion="0x00020000" />
70-->[org.firstinspires.ftc:RobotCore:10.2.0] AndroidManifest.xml:69:5-54
70-->[org.firstinspires.ftc:RobotCore:10.2.0] AndroidManifest.xml:69:19-51
71    <!--
72        NOTE: Any application that requests the CAMERA permission but does not
73        declare any camera features with the <uses-feature> element will be
74        assumed to use all camera features (auto-focus and flash). Thus, the
75        application will not be compatible with devices that do not support
76        all camera features. We use <uses-feature> to declare only the
77        camera features that our application does need. For instance, if you
78        request the CAMERA permission, but you do not need auto-focus or
79        flash, then declare only the android.hardware.camera feature. The
80        other camera features that you do not request will no longer be
81        assumed as required.
82    -->
83    <uses-feature android:name="android.hardware.camera" />
83-->[org.firstinspires.ftc:RobotCore:10.2.0] AndroidManifest.xml:83:5-60
83-->[org.firstinspires.ftc:RobotCore:10.2.0] AndroidManifest.xml:83:19-57
84
85    <queries>
85-->[com.google.ar:core:1.46.0] AndroidManifest.xml:20:5-27:15
86        <package android:name="com.google.ar.core" />
86-->[com.google.ar:core:1.46.0] AndroidManifest.xml:21:9-54
86-->[com.google.ar:core:1.46.0] AndroidManifest.xml:21:18-51
87        <package android:name="com.android.vending" />
87-->[com.google.ar:core:1.46.0] AndroidManifest.xml:22:9-55
87-->[com.google.ar:core:1.46.0] AndroidManifest.xml:22:18-52
88
89        <intent>
89-->[com.google.ar:core:1.46.0] AndroidManifest.xml:24:9-26:18
90            <action android:name="com.google.android.play.core.install.BIND_INSTALL_SERVICE" />
90-->[com.google.ar:core:1.46.0] AndroidManifest.xml:25:13-96
90-->[com.google.ar:core:1.46.0] AndroidManifest.xml:25:21-93
91        </intent>
92    </queries>
93
94    <uses-feature
94-->[com.journeyapps:zxing-android-embedded:4.3.0] AndroidManifest.xml:28:5-30:36
95        android:name="android.hardware.camera.front"
95-->[com.journeyapps:zxing-android-embedded:4.3.0] AndroidManifest.xml:29:9-53
96        android:required="false" /> <!-- TODO replace above two with next line after Android 4.2 -->
96-->[com.journeyapps:zxing-android-embedded:4.3.0] AndroidManifest.xml:30:9-33
97    <!-- <uses-feature android:name="android.hardware.camera.any"/> -->
98    <uses-feature
98-->[com.journeyapps:zxing-android-embedded:4.3.0] AndroidManifest.xml:33:5-35:36
99        android:name="android.hardware.camera.autofocus"
99-->[com.journeyapps:zxing-android-embedded:4.3.0] AndroidManifest.xml:34:9-57
100        android:required="false" />
100-->[com.journeyapps:zxing-android-embedded:4.3.0] AndroidManifest.xml:35:9-33
101    <uses-feature
101-->[com.journeyapps:zxing-android-embedded:4.3.0] AndroidManifest.xml:36:5-38:36
102        android:name="android.hardware.camera.flash"
102-->[com.journeyapps:zxing-android-embedded:4.3.0] AndroidManifest.xml:37:9-53
103        android:required="false" />
103-->[com.journeyapps:zxing-android-embedded:4.3.0] AndroidManifest.xml:38:9-33
104    <uses-feature
104-->[com.journeyapps:zxing-android-embedded:4.3.0] AndroidManifest.xml:39:5-41:36
105        android:name="android.hardware.screen.landscape"
105-->[com.journeyapps:zxing-android-embedded:4.3.0] AndroidManifest.xml:40:9-57
106        android:required="false" />
106-->[com.journeyapps:zxing-android-embedded:4.3.0] AndroidManifest.xml:41:9-33
107    <uses-feature
107-->[com.journeyapps:zxing-android-embedded:4.3.0] AndroidManifest.xml:42:5-44:36
108        android:name="android.hardware.wifi"
108-->[com.journeyapps:zxing-android-embedded:4.3.0] AndroidManifest.xml:43:9-45
109        android:required="false" />
109-->[com.journeyapps:zxing-android-embedded:4.3.0] AndroidManifest.xml:44:9-33
110
111    <application
111-->src/main/AndroidManifest.xml:10:5-19
112        android:name="org.firstinspires.ftc.robotcore.internal.system.RobotApplication"
112-->[org.firstinspires.ftc:RobotCore:10.2.0] AndroidManifest.xml:85:18-97
113        android:allowBackup="true"
113-->[:FtcRobotController] AndroidManifest.xml:13:9-35
114        android:appComponentFactory="androidx.core.app.CoreComponentFactory"
114-->[androidx.core:core:1.6.0] AndroidManifest.xml:24:18-86
115        android:debuggable="true"
116        android:extractNativeLibs="true"
117        android:icon="@drawable/ic_launcher"
117-->[:FtcRobotController] AndroidManifest.xml:14:9-45
118        android:label="@string/app_name"
118-->[:FtcRobotController] AndroidManifest.xml:15:9-41
119        android:largeHeap="true"
119-->[:FtcRobotController] AndroidManifest.xml:16:9-33
120        android:testOnly="true"
121        android:theme="@style/AppThemeRedRC"
121-->[:FtcRobotController] AndroidManifest.xml:17:9-45
122        android:usesCleartextTraffic="true" > <!-- Indicates to the ControlHubUpdater what the latest version of the Control Hub is that this app supports -->
122-->[:FtcRobotController] AndroidManifest.xml:18:9-44
123        <meta-data
123-->[:FtcRobotController] AndroidManifest.xml:21:9-23:33
124            android:name="org.firstinspires.latestSupportedControlHubVersion"
124-->[:FtcRobotController] AndroidManifest.xml:22:13-78
125            android:value="1" /> <!-- The main robot controller activity -->
125-->[:FtcRobotController] AndroidManifest.xml:23:13-30
126        <activity
126-->[:FtcRobotController] AndroidManifest.xml:26:9-37:20
127            android:name="org.firstinspires.ftc.robotcontroller.internal.PermissionValidatorWrapper"
127-->[:FtcRobotController] AndroidManifest.xml:27:13-101
128            android:configChanges="orientation|screenSize"
128-->[:FtcRobotController] AndroidManifest.xml:28:13-59
129            android:label="@string/app_name"
129-->[:FtcRobotController] AndroidManifest.xml:29:13-45
130            android:launchMode="singleTask"
130-->[:FtcRobotController] AndroidManifest.xml:30:13-44
131            android:screenOrientation="fullUser" >
131-->[:FtcRobotController] AndroidManifest.xml:31:13-49
132            <intent-filter>
132-->[:FtcRobotController] AndroidManifest.xml:32:13-36:29
133                <category android:name="android.intent.category.LAUNCHER" />
133-->[:FtcRobotController] AndroidManifest.xml:33:17-77
133-->[:FtcRobotController] AndroidManifest.xml:33:27-74
134
135                <action android:name="android.intent.action.MAIN" />
135-->[:FtcRobotController] AndroidManifest.xml:35:17-69
135-->[:FtcRobotController] AndroidManifest.xml:35:25-66
136            </intent-filter>
137        </activity>
138        <activity
138-->[:FtcRobotController] AndroidManifest.xml:38:9-56:20
139            android:name="org.firstinspires.ftc.robotcontroller.internal.FtcRobotControllerActivity"
139-->[:FtcRobotController] AndroidManifest.xml:39:13-101
140            android:configChanges="orientation|screenSize"
140-->[:FtcRobotController] AndroidManifest.xml:40:13-59
141            android:label="@string/app_name"
141-->[:FtcRobotController] AndroidManifest.xml:41:13-45
142            android:launchMode="singleTask"
142-->[:FtcRobotController] AndroidManifest.xml:42:13-44
143            android:screenOrientation="fullUser" >
143-->[:FtcRobotController] AndroidManifest.xml:43:13-49
144            <intent-filter>
144-->[:FtcRobotController] AndroidManifest.xml:44:13-46:29
145                <action android:name="android.hardware.usb.action.USB_DEVICE_ATTACHED" />
145-->[:FtcRobotController] AndroidManifest.xml:45:17-90
145-->[:FtcRobotController] AndroidManifest.xml:45:25-87
146            </intent-filter>
147
148            <meta-data
148-->[:FtcRobotController] AndroidManifest.xml:48:13-50:57
149                android:name="android.hardware.usb.action.USB_DEVICE_ATTACHED"
149-->[:FtcRobotController] AndroidManifest.xml:49:17-79
150                android:resource="@xml/device_filter" />
150-->[:FtcRobotController] AndroidManifest.xml:50:17-54
151
152            <!-- org.firstinspires.main.entry indicates that this app is compatible with the Dragonboard Control Hub -->
153            <meta-data
153-->[:FtcRobotController] AndroidManifest.xml:53:13-55:40
154                android:name="org.firstinspires.main.entry"
154-->[:FtcRobotController] AndroidManifest.xml:54:17-60
155                android:value="true" />
155-->[:FtcRobotController] AndroidManifest.xml:55:17-37
156        </activity> <!-- The robot controller service in which most of the robot functionality is managed -->
157        <service
157-->[:FtcRobotController] AndroidManifest.xml:59:9-61:38
158            android:name="com.qualcomm.ftccommon.FtcRobotControllerService"
158-->[:FtcRobotController] AndroidManifest.xml:60:13-76
159            android:enabled="true" /> <!-- Assistant that autostarts the robot controller on android boot (if it's supposed to) -->
159-->[:FtcRobotController] AndroidManifest.xml:61:13-35
160        <receiver
160-->[:FtcRobotController] AndroidManifest.xml:64:9-75:20
161            android:name="org.firstinspires.ftc.ftccommon.internal.RunOnBoot"
161-->[:FtcRobotController] AndroidManifest.xml:65:13-78
162            android:enabled="true"
162-->[:FtcRobotController] AndroidManifest.xml:66:13-35
163            android:exported="true"
163-->[:FtcRobotController] AndroidManifest.xml:67:13-36
164            android:permission="android.permission.RECEIVE_BOOT_COMPLETED" >
164-->[:FtcRobotController] AndroidManifest.xml:68:13-75
165            <intent-filter>
165-->[:FtcRobotController] AndroidManifest.xml:69:13-74:29
166                <category android:name="android.intent.category.DEFAULT" />
166-->[:FtcRobotController] AndroidManifest.xml:70:17-76
166-->[:FtcRobotController] AndroidManifest.xml:70:27-73
167
168                <action android:name="android.intent.action.BOOT_COMPLETED" />
168-->[:FtcRobotController] AndroidManifest.xml:72:17-79
168-->[:FtcRobotController] AndroidManifest.xml:72:25-76
169                <action android:name="android.intent.action.QUICKBOOT_POWERON" />
169-->[:FtcRobotController] AndroidManifest.xml:73:17-82
169-->[:FtcRobotController] AndroidManifest.xml:73:25-79
170            </intent-filter>
171        </receiver>
172
173        <activity
173-->[org.firstinspires.ftc:Blocks:10.2.0] AndroidManifest.xml:17:9-21:20
174            android:name="org.firstinspires.ftc.ftccommon.internal.ProgramAndManageActivity"
174-->[org.firstinspires.ftc:Blocks:10.2.0] AndroidManifest.xml:18:13-93
175            android:configChanges="orientation|screenSize"
175-->[org.firstinspires.ftc:Blocks:10.2.0] AndroidManifest.xml:19:13-59
176            android:label="@string/program_and_manage_activity" >
176-->[org.firstinspires.ftc:Blocks:10.2.0] AndroidManifest.xml:20:13-64
177        </activity>
178        <activity
178-->[org.firstinspires.ftc:FtcCommon:10.2.0] AndroidManifest.xml:24:9-28:47
179            android:name="com.qualcomm.ftccommon.StackTraceActivity"
179-->[org.firstinspires.ftc:FtcCommon:10.2.0] AndroidManifest.xml:25:13-69
180            android:configChanges="orientation|screenSize"
180-->[org.firstinspires.ftc:FtcCommon:10.2.0] AndroidManifest.xml:26:13-59
181            android:exported="true"
181-->[org.firstinspires.ftc:FtcCommon:10.2.0] AndroidManifest.xml:27:13-36
182            android:launchMode="singleTask" />
182-->[org.firstinspires.ftc:FtcCommon:10.2.0] AndroidManifest.xml:28:13-44
183        <activity
183-->[org.firstinspires.ftc:FtcCommon:10.2.0] AndroidManifest.xml:29:9-33:20
184            android:name="com.qualcomm.ftccommon.FtcRobotControllerSettingsActivity"
184-->[org.firstinspires.ftc:FtcCommon:10.2.0] AndroidManifest.xml:30:13-85
185            android:exported="true"
185-->[org.firstinspires.ftc:FtcCommon:10.2.0] AndroidManifest.xml:31:13-36
186            android:label="@string/settings_activity" >
186-->[org.firstinspires.ftc:FtcCommon:10.2.0] AndroidManifest.xml:32:13-54
187        </activity>
188        <activity
188-->[org.firstinspires.ftc:FtcCommon:10.2.0] AndroidManifest.xml:34:9-39:20
189            android:name="com.qualcomm.ftccommon.configuration.FtcLoadFileActivity"
189-->[org.firstinspires.ftc:FtcCommon:10.2.0] AndroidManifest.xml:35:13-84
190            android:configChanges="orientation|screenSize"
190-->[org.firstinspires.ftc:FtcCommon:10.2.0] AndroidManifest.xml:36:13-59
191            android:exported="true"
191-->[org.firstinspires.ftc:FtcCommon:10.2.0] AndroidManifest.xml:37:13-36
192            android:label="@string/configure_activity" >
192-->[org.firstinspires.ftc:FtcCommon:10.2.0] AndroidManifest.xml:38:13-55
193        </activity>
194        <activity
194-->[org.firstinspires.ftc:FtcCommon:10.2.0] AndroidManifest.xml:40:9-45:20
195            android:name="com.qualcomm.ftccommon.configuration.ConfigureFromTemplateActivity"
195-->[org.firstinspires.ftc:FtcCommon:10.2.0] AndroidManifest.xml:41:13-94
196            android:configChanges="orientation|screenSize"
196-->[org.firstinspires.ftc:FtcCommon:10.2.0] AndroidManifest.xml:42:13-59
197            android:exported="true"
197-->[org.firstinspires.ftc:FtcCommon:10.2.0] AndroidManifest.xml:43:13-36
198            android:label="@string/title_activity_configfromtemplate" >
198-->[org.firstinspires.ftc:FtcCommon:10.2.0] AndroidManifest.xml:44:13-70
199        </activity>
200        <activity
200-->[org.firstinspires.ftc:FtcCommon:10.2.0] AndroidManifest.xml:46:9-51:20
201            android:name="com.qualcomm.ftccommon.ViewLogsActivity"
201-->[org.firstinspires.ftc:FtcCommon:10.2.0] AndroidManifest.xml:47:13-67
202            android:configChanges="orientation|screenSize"
202-->[org.firstinspires.ftc:FtcCommon:10.2.0] AndroidManifest.xml:48:13-59
203            android:exported="true"
203-->[org.firstinspires.ftc:FtcCommon:10.2.0] AndroidManifest.xml:49:13-36
204            android:label="@string/view_logs_activity" >
204-->[org.firstinspires.ftc:FtcCommon:10.2.0] AndroidManifest.xml:50:13-55
205        </activity>
206        <activity
206-->[org.firstinspires.ftc:FtcCommon:10.2.0] AndroidManifest.xml:52:9-56:20
207            android:name="com.qualcomm.ftccommon.configuration.FtcConfigurationActivity"
207-->[org.firstinspires.ftc:FtcCommon:10.2.0] AndroidManifest.xml:53:13-89
208            android:configChanges="orientation|screenSize"
208-->[org.firstinspires.ftc:FtcCommon:10.2.0] AndroidManifest.xml:54:13-59
209            android:label="@string/app_name" >
209-->[org.firstinspires.ftc:FtcCommon:10.2.0] AndroidManifest.xml:55:13-45
210        </activity>
211        <activity
211-->[org.firstinspires.ftc:FtcCommon:10.2.0] AndroidManifest.xml:57:9-61:20
212            android:name="com.qualcomm.ftccommon.configuration.FtcNewFileActivity"
212-->[org.firstinspires.ftc:FtcCommon:10.2.0] AndroidManifest.xml:58:13-83
213            android:configChanges="orientation|screenSize"
213-->[org.firstinspires.ftc:FtcCommon:10.2.0] AndroidManifest.xml:59:13-59
214            android:label="@string/app_name" >
214-->[org.firstinspires.ftc:FtcCommon:10.2.0] AndroidManifest.xml:60:13-45
215        </activity>
216        <activity
216-->[org.firstinspires.ftc:FtcCommon:10.2.0] AndroidManifest.xml:62:9-66:20
217            android:name="com.qualcomm.ftccommon.FtcAdvancedRCSettingsActivity"
217-->[org.firstinspires.ftc:FtcCommon:10.2.0] AndroidManifest.xml:63:13-80
218            android:exported="true"
218-->[org.firstinspires.ftc:FtcCommon:10.2.0] AndroidManifest.xml:64:13-36
219            android:label="@string/titleAdvancedRCSettings" >
219-->[org.firstinspires.ftc:FtcCommon:10.2.0] AndroidManifest.xml:65:13-60
220        </activity>
221        <activity
221-->[org.firstinspires.ftc:FtcCommon:10.2.0] AndroidManifest.xml:67:9-70:20
222            android:name="com.qualcomm.ftccommon.FtcLynxFirmwareUpdateActivity"
222-->[org.firstinspires.ftc:FtcCommon:10.2.0] AndroidManifest.xml:68:13-80
223            android:exported="true" >
223-->[org.firstinspires.ftc:FtcCommon:10.2.0] AndroidManifest.xml:69:13-36
224        </activity>
225        <activity
225-->[org.firstinspires.ftc:FtcCommon:10.2.0] AndroidManifest.xml:71:9-74:20
226            android:name="com.qualcomm.ftccommon.FtcLynxModuleAddressUpdateActivity"
226-->[org.firstinspires.ftc:FtcCommon:10.2.0] AndroidManifest.xml:72:13-85
227            android:exported="true" >
227-->[org.firstinspires.ftc:FtcCommon:10.2.0] AndroidManifest.xml:73:13-36
228        </activity>
229        <activity
229-->[org.firstinspires.ftc:FtcCommon:10.2.0] AndroidManifest.xml:75:9-79:20
230            android:name="com.qualcomm.ftccommon.FtcWifiDirectChannelSelectorActivity"
230-->[org.firstinspires.ftc:FtcCommon:10.2.0] AndroidManifest.xml:76:13-87
231            android:exported="true"
231-->[org.firstinspires.ftc:FtcCommon:10.2.0] AndroidManifest.xml:77:13-36
232            android:label="@string/title_activity_wifi_channel_selector" >
232-->[org.firstinspires.ftc:FtcCommon:10.2.0] AndroidManifest.xml:78:13-73
233        </activity>
234        <activity
234-->[org.firstinspires.ftc:FtcCommon:10.2.0] AndroidManifest.xml:80:9-84:20
235            android:name="com.qualcomm.ftccommon.FtcWifiDirectRememberedGroupsActivity"
235-->[org.firstinspires.ftc:FtcCommon:10.2.0] AndroidManifest.xml:81:13-88
236            android:exported="true"
236-->[org.firstinspires.ftc:FtcCommon:10.2.0] AndroidManifest.xml:82:13-36
237            android:label="@string/title_activity_wifi_remembered_groups_editor" >
237-->[org.firstinspires.ftc:FtcCommon:10.2.0] AndroidManifest.xml:83:13-81
238        </activity>
239        <activity
239-->[org.firstinspires.ftc:FtcCommon:10.2.0] AndroidManifest.xml:85:9-88:20
240            android:name="com.qualcomm.ftccommon.AboutActivity"
240-->[org.firstinspires.ftc:FtcCommon:10.2.0] AndroidManifest.xml:86:13-64
241            android:label="@string/about_activity" >
241-->[org.firstinspires.ftc:FtcCommon:10.2.0] AndroidManifest.xml:87:13-51
242        </activity>
243        <activity
243-->[org.firstinspires.ftc:FtcCommon:10.2.0] AndroidManifest.xml:89:9-92:20
244            android:name="com.qualcomm.ftccommon.FtcAboutActivity"
244-->[org.firstinspires.ftc:FtcCommon:10.2.0] AndroidManifest.xml:90:13-67
245            android:label="@string/ftc_about_activity" >
245-->[org.firstinspires.ftc:FtcCommon:10.2.0] AndroidManifest.xml:91:13-55
246        </activity>
247        <activity
247-->[org.firstinspires.ftc:FtcCommon:10.2.0] AndroidManifest.xml:93:9-98:20
248            android:name="com.qualcomm.ftccommon.configuration.EditSwapUsbDevices"
248-->[org.firstinspires.ftc:FtcCommon:10.2.0] AndroidManifest.xml:94:13-83
249            android:configChanges="orientation|screenSize"
249-->[org.firstinspires.ftc:FtcCommon:10.2.0] AndroidManifest.xml:95:13-59
250            android:label="@string/edit_swap_devices_activity"
250-->[org.firstinspires.ftc:FtcCommon:10.2.0] AndroidManifest.xml:96:13-63
251            android:windowSoftInputMode="stateHidden" >
251-->[org.firstinspires.ftc:FtcCommon:10.2.0] AndroidManifest.xml:97:13-54
252        </activity>
253        <activity
253-->[org.firstinspires.ftc:FtcCommon:10.2.0] AndroidManifest.xml:99:9-104:20
254            android:name="com.qualcomm.ftccommon.configuration.EditMotorListActivity"
254-->[org.firstinspires.ftc:FtcCommon:10.2.0] AndroidManifest.xml:100:13-86
255            android:configChanges="orientation|screenSize"
255-->[org.firstinspires.ftc:FtcCommon:10.2.0] AndroidManifest.xml:101:13-59
256            android:label="@string/edit_motor_controller_activity"
256-->[org.firstinspires.ftc:FtcCommon:10.2.0] AndroidManifest.xml:102:13-67
257            android:windowSoftInputMode="stateHidden" >
257-->[org.firstinspires.ftc:FtcCommon:10.2.0] AndroidManifest.xml:103:13-54
258        </activity>
259        <activity
259-->[org.firstinspires.ftc:FtcCommon:10.2.0] AndroidManifest.xml:105:9-110:20
260            android:name="com.qualcomm.ftccommon.configuration.EditServoListActivity"
260-->[org.firstinspires.ftc:FtcCommon:10.2.0] AndroidManifest.xml:106:13-86
261            android:configChanges="orientation|screenSize"
261-->[org.firstinspires.ftc:FtcCommon:10.2.0] AndroidManifest.xml:107:13-59
262            android:label="@string/edit_servo_controller_activity"
262-->[org.firstinspires.ftc:FtcCommon:10.2.0] AndroidManifest.xml:108:13-67
263            android:windowSoftInputMode="stateHidden|adjustResize" >
263-->[org.firstinspires.ftc:FtcCommon:10.2.0] AndroidManifest.xml:109:13-67
264        </activity>
265        <activity
265-->[org.firstinspires.ftc:FtcCommon:10.2.0] AndroidManifest.xml:111:9-116:20
266            android:name="com.qualcomm.ftccommon.configuration.EditLynxModuleActivity"
266-->[org.firstinspires.ftc:FtcCommon:10.2.0] AndroidManifest.xml:112:13-87
267            android:configChanges="orientation|screenSize"
267-->[org.firstinspires.ftc:FtcCommon:10.2.0] AndroidManifest.xml:113:13-59
268            android:label="@string/edit_lynx_module_controller_activity"
268-->[org.firstinspires.ftc:FtcCommon:10.2.0] AndroidManifest.xml:114:13-73
269            android:windowSoftInputMode="stateHidden|adjustResize" >
269-->[org.firstinspires.ftc:FtcCommon:10.2.0] AndroidManifest.xml:115:13-67
270        </activity>
271        <activity
271-->[org.firstinspires.ftc:FtcCommon:10.2.0] AndroidManifest.xml:117:9-122:20
272            android:name="com.qualcomm.ftccommon.configuration.EditLynxUsbDeviceActivity"
272-->[org.firstinspires.ftc:FtcCommon:10.2.0] AndroidManifest.xml:118:13-90
273            android:configChanges="orientation|screenSize"
273-->[org.firstinspires.ftc:FtcCommon:10.2.0] AndroidManifest.xml:119:13-59
274            android:label="@string/edit_lynx_usb_device_activity"
274-->[org.firstinspires.ftc:FtcCommon:10.2.0] AndroidManifest.xml:120:13-66
275            android:windowSoftInputMode="stateHidden|adjustResize" >
275-->[org.firstinspires.ftc:FtcCommon:10.2.0] AndroidManifest.xml:121:13-67
276        </activity>
277        <activity
277-->[org.firstinspires.ftc:FtcCommon:10.2.0] AndroidManifest.xml:123:9-128:20
278            android:name="com.qualcomm.ftccommon.configuration.EditWebcamActivity"
278-->[org.firstinspires.ftc:FtcCommon:10.2.0] AndroidManifest.xml:124:13-83
279            android:configChanges="orientation|screenSize"
279-->[org.firstinspires.ftc:FtcCommon:10.2.0] AndroidManifest.xml:125:13-59
280            android:label="@string/edit_webcam_activity"
280-->[org.firstinspires.ftc:FtcCommon:10.2.0] AndroidManifest.xml:126:13-57
281            android:windowSoftInputMode="stateHidden|adjustResize" >
281-->[org.firstinspires.ftc:FtcCommon:10.2.0] AndroidManifest.xml:127:13-67
282        </activity>
283        <activity
283-->[org.firstinspires.ftc:FtcCommon:10.2.0] AndroidManifest.xml:129:9-134:20
284            android:name="com.qualcomm.ftccommon.configuration.EditPWMDevicesActivity"
284-->[org.firstinspires.ftc:FtcCommon:10.2.0] AndroidManifest.xml:130:13-87
285            android:configChanges="orientation|screenSize"
285-->[org.firstinspires.ftc:FtcCommon:10.2.0] AndroidManifest.xml:131:13-59
286            android:label="@string/edit_pwm_devices_activity"